[2023-08-16 13:06:33,391] INFO [QuorumController id=1] Unfenced broker 1 has requested and been granted an immediate shutdown. (org.apache.kafka.controller.BrokerHeartbeatManager)
[2023-08-16 13:06:34,695] ERROR [QuorumController id=1] writeNoOpRecord: unable to start processing because of RejectedExecutionException. Reason: null (org.apache.kafka.controller.QuorumController)
[2023-08-16 13:07:19,349] INFO [QuorumController id=1] Creating new QuorumController with clusterId ZP2ltPx0So-u7ZsfIzft0Q, authorizer Optional.empty. (org.apache.kafka.controller.QuorumController)
[2023-08-16 13:07:19,364] INFO [QuorumController id=1] Setting metadata version to 3.5-IV2 (org.apache.kafka.controller.FeatureControlManager)
[2023-08-16 13:07:19,367] INFO [QuorumController id=1] Transitioning ZK migration state from NONE to NONE (org.apache.kafka.controller.FeatureControlManager)
[2023-08-16 13:07:19,377] INFO [QuorumController id=1] Registered new broker: RegisterBrokerRecord(brokerId=1, isMigratingZkBroker=false, incarnationId=62Zoq34uRD6Mu_RgdD2c9w, brokerEpoch=5, endPoints=[BrokerEndpoint(name='PLAINTEXT', host='broker', port=9092, securityProtocol=0)], features=[BrokerFeature(name='metadata.version', minSupportedVersion=1, maxSupportedVersion=11)], rack=null, fenced=true, inControlledShutdown=false) (org.apache.kafka.controller.ClusterControlManager)
[2023-08-16 13:07:19,457] INFO [QuorumController id=1] Re-registered broker id 1: RegisterBrokerRecord(brokerId=1, isMigratingZkBroker=false, incarnationId=8J8etVfmTdCEgtsOjSKwfQ, brokerEpoch=1713, endPoints=[BrokerEndpoint(name='PLAINTEXT', host='broker', port=9092, securityProtocol=0)], features=[BrokerFeature(name='metadata.version', minSupportedVersion=1, maxSupportedVersion=11)], rack=null, fenced=true, inControlledShutdown=false) (org.apache.kafka.controller.ClusterControlManager)
[2023-08-16 13:07:19,543] INFO [QuorumController id=1] Re-registered broker id 1: RegisterBrokerRecord(brokerId=1, isMigratingZkBroker=false, incarnationId=OPRNh9xwQMWZYCyb_W7-xw, brokerEpoch=5257, endPoints=[BrokerEndpoint(name='PLAINTEXT', host='broker', port=9092, securityProtocol=0)], features=[BrokerFeature(name='metadata.version', minSupportedVersion=1, maxSupportedVersion=11)], rack=null, fenced=true, inControlledShutdown=false) (org.apache.kafka.controller.ClusterControlManager)
[2023-08-16 13:07:19,634] INFO [QuorumController id=1] Re-registered broker id 1: RegisterBrokerRecord(brokerId=1, isMigratingZkBroker=false, incarnationId=dzvpMHzWQK6bwq9jRL5xzQ, brokerEpoch=9953, endPoints=[BrokerEndpoint(name='PLAINTEXT', host='broker', port=9092, securityProtocol=0)], features=[BrokerFeature(name='metadata.version', minSupportedVersion=1, maxSupportedVersion=11)], rack=null, fenced=true, inControlledShutdown=false) (org.apache.kafka.controller.ClusterControlManager)
[2023-08-16 13:07:19,816] INFO [QuorumController id=1] Becoming the active controller at epoch 5, committed offset 24268, committed epoch 4 (org.apache.kafka.controller.QuorumController)
[2023-08-16 13:07:19,848] INFO [QuorumController id=1] Loaded ZK migration state of NONE (org.apache.kafka.controller.QuorumController)
[2023-08-16 13:07:20,922] INFO [QuorumController id=1] Re-registered broker id 1: RegisterBrokerRecord(brokerId=1, isMigratingZkBroker=false, incarnationId=YDLazmJZQEypRSgyZVjX4g, brokerEpoch=24272, endPoints=[BrokerEndpoint(name='PLAINTEXT', host='localhost', port=9092, securityProtocol=0)], features=[BrokerFeature(name='metadata.version', minSupportedVersion=1, maxSupportedVersion=11)], rack=null, fenced=true, inControlledShutdown=false) (org.apache.kafka.controller.ClusterControlManager)
[2023-08-16 13:07:21,123] INFO [QuorumController id=1] The request from broker 1 to unfence has been granted because it has caught up with the offset of its register broker record 24272. (org.apache.kafka.controller.BrokerHeartbeatManager)
[2023-08-16 13:07:47,078] INFO [QuorumController id=1] CreateTopics result(s): CreatableTopic(name='quickstartmore-events', numPartitions=-1, replicationFactor=-1, assignments=[], configs=[]): SUCCESS (org.apache.kafka.controller.ReplicationControlManager)
[2023-08-16 13:07:47,081] INFO [QuorumController id=1] Created topic quickstartmore-events with topic ID fbWXoc3ESZOLSadDZCYFYQ. (org.apache.kafka.controller.ReplicationControlManager)
[2023-08-16 13:07:47,082] INFO [QuorumController id=1] Created partition quickstartmore-events-0 with topic ID fbWXoc3ESZOLSadDZCYFYQ and PartitionRegistration(replicas=[1], isr=[1], removingReplicas=[], addingReplicas=[], leader=1, leaderRecoveryState=RECOVERED, leaderEpoch=0, partitionEpoch=0). (org.apache.kafka.controller.ReplicationControlManager)
[2023-08-16 13:45:26,650] INFO [QuorumController id=1] Unfenced broker 1 has requested and been granted a controlled shutdown. (org.apache.kafka.controller.BrokerHeartbeatManager)
[2023-08-16 13:45:26,688] INFO [QuorumController id=1] enterControlledShutdown[1]: changing 1 partition(s) (org.apache.kafka.controller.ReplicationControlManager)
[2023-08-16 13:45:26,776] INFO [QuorumController id=1] The request from broker 1 to shut down has been granted since the lowest active offset 9223372036854775807 is now greater than the broker's controlled shutdown offset 28516. (org.apache.kafka.controller.BrokerHeartbeatManager)
[2023-08-16 13:45:26,778] INFO [QuorumController id=1] handleBrokerFenced: changing 1 partition(s) (org.apache.kafka.controller.ReplicationControlManager)
[2023-08-16 13:45:27,491] ERROR [QuorumController id=1] writeNoOpRecord: unable to start processing because of RejectedExecutionException. Reason: null (org.apache.kafka.controller.QuorumController)
[2023-08-16 13:45:27,492] ERROR [QuorumController id=1] maybeBalancePartitionLeaders: unable to start processing because of RejectedExecutionException. Reason: null (org.apache.kafka.controller.QuorumController)
