[2023-08-16 13:06:33,122] INFO Terminating process due to signal SIGINT (org.apache.kafka.common.utils.LoggingSignalHandler)
[2023-08-16 13:06:33,324] INFO [BrokerServer id=1] Transition from STARTED to SHUTTING_DOWN (kafka.server.BrokerServer)
[2023-08-16 13:06:33,335] INFO [BrokerServer id=1] shutting down (kafka.server.BrokerServer)
[2023-08-16 13:06:33,385] INFO [BrokerLifecycleManager id=1] Beginning controlled shutdown. (kafka.server.BrokerLifecycleManager)
[2023-08-16 13:06:33,466] INFO [BrokerLifecycleManager id=1] The controller has asked us to exit controlled shutdown. (kafka.server.BrokerLifecycleManager)
[2023-08-16 13:06:33,467] INFO [BrokerLifecycleManager id=1] beginShutdown: shutting down event queue. (org.apache.kafka.queue.KafkaEventQueue)
[2023-08-16 13:06:33,470] INFO [BrokerLifecycleManager id=1] Transitioning from PENDING_CONTROLLED_SHUTDOWN to SHUTTING_DOWN. (kafka.server.BrokerLifecycleManager)
[2023-08-16 13:06:33,472] INFO [broker-1-to-controller-heartbeat-channel-manager]: Shutting down (kafka.server.BrokerToControllerRequestThread)
[2023-08-16 13:06:33,476] INFO [broker-1-to-controller-heartbeat-channel-manager]: Stopped (kafka.server.BrokerToControllerRequestThread)
[2023-08-16 13:06:33,476] INFO [broker-1-to-controller-heartbeat-channel-manager]: Shutdown completed (kafka.server.BrokerToControllerRequestThread)
[2023-08-16 13:06:33,494] INFO [SocketServer listenerType=BROKER, nodeId=1] Stopping socket server request processors (kafka.network.SocketServer)
[2023-08-16 13:06:33,555] INFO Broker to controller channel manager for heartbeat shutdown (kafka.server.BrokerToControllerChannelManagerImpl)
[2023-08-16 13:06:33,625] INFO [SocketServer listenerType=BROKER, nodeId=1] Stopped socket server request processors (kafka.network.SocketServer)
[2023-08-16 13:06:33,658] INFO [data-plane Kafka Request Handler on Broker 1], shutting down (kafka.server.KafkaRequestHandlerPool)
[2023-08-16 13:06:33,738] INFO [data-plane Kafka Request Handler on Broker 1], shut down completely (kafka.server.KafkaRequestHandlerPool)
[2023-08-16 13:06:33,794] INFO [ExpirationReaper-1-AlterAcls]: Shutting down (kafka.server.DelayedOperationPurgatory$ExpiredOperationReaper)
[2023-08-16 13:06:33,817] INFO [ExpirationReaper-1-AlterAcls]: Stopped (kafka.server.DelayedOperationPurgatory$ExpiredOperationReaper)
[2023-08-16 13:06:33,817] INFO [ExpirationReaper-1-AlterAcls]: Shutdown completed (kafka.server.DelayedOperationPurgatory$ExpiredOperationReaper)
[2023-08-16 13:06:33,833] INFO [KafkaApi-1] Shutdown complete. (kafka.server.KafkaApis)
[2023-08-16 13:06:33,879] INFO [TransactionCoordinator id=1] Shutting down. (kafka.coordinator.transaction.TransactionCoordinator)
[2023-08-16 13:06:33,893] INFO [Transaction State Manager 1]: Shutdown complete (kafka.coordinator.transaction.TransactionStateManager)
[2023-08-16 13:06:33,894] INFO [TxnMarkerSenderThread-1]: Shutting down (kafka.coordinator.transaction.TransactionMarkerChannelManager)
[2023-08-16 13:06:33,897] INFO [TxnMarkerSenderThread-1]: Stopped (kafka.coordinator.transaction.TransactionMarkerChannelManager)
[2023-08-16 13:06:33,897] INFO [TxnMarkerSenderThread-1]: Shutdown completed (kafka.coordinator.transaction.TransactionMarkerChannelManager)
[2023-08-16 13:06:33,907] INFO [TransactionCoordinator id=1] Shutdown complete. (kafka.coordinator.transaction.TransactionCoordinator)
[2023-08-16 13:06:33,912] INFO [GroupCoordinator 1]: Shutting down. (kafka.coordinator.group.GroupCoordinator)
[2023-08-16 13:06:33,922] INFO [ExpirationReaper-1-Heartbeat]: Shutting down (kafka.server.DelayedOperationPurgatory$ExpiredOperationReaper)
[2023-08-16 13:06:33,926] INFO [ExpirationReaper-1-Heartbeat]: Stopped (kafka.server.DelayedOperationPurgatory$ExpiredOperationReaper)
[2023-08-16 13:06:33,926] INFO [ExpirationReaper-1-Heartbeat]: Shutdown completed (kafka.server.DelayedOperationPurgatory$ExpiredOperationReaper)
[2023-08-16 13:06:33,928] INFO [ExpirationReaper-1-Rebalance]: Shutting down (kafka.server.DelayedOperationPurgatory$ExpiredOperationReaper)
[2023-08-16 13:06:33,934] INFO [ExpirationReaper-1-Rebalance]: Stopped (kafka.server.DelayedOperationPurgatory$ExpiredOperationReaper)
[2023-08-16 13:06:33,934] INFO [ExpirationReaper-1-Rebalance]: Shutdown completed (kafka.server.DelayedOperationPurgatory$ExpiredOperationReaper)
[2023-08-16 13:06:33,942] INFO [GroupCoordinator 1]: Shutdown complete. (kafka.coordinator.group.GroupCoordinator)
[2023-08-16 13:06:33,951] INFO [ReplicaManager broker=1] Shutting down (kafka.server.ReplicaManager)
[2023-08-16 13:06:33,957] INFO [LogDirFailureHandler]: Shutting down (kafka.server.ReplicaManager$LogDirFailureHandler)
[2023-08-16 13:06:33,964] INFO [LogDirFailureHandler]: Stopped (kafka.server.ReplicaManager$LogDirFailureHandler)
[2023-08-16 13:06:33,964] INFO [LogDirFailureHandler]: Shutdown completed (kafka.server.ReplicaManager$LogDirFailureHandler)
[2023-08-16 13:06:33,969] INFO [ReplicaFetcherManager on broker 1] shutting down (kafka.server.ReplicaFetcherManager)
[2023-08-16 13:06:33,974] INFO [ReplicaFetcherManager on broker 1] shutdown completed (kafka.server.ReplicaFetcherManager)
[2023-08-16 13:06:33,977] INFO [ReplicaAlterLogDirsManager on broker 1] shutting down (kafka.server.ReplicaAlterLogDirsManager)
[2023-08-16 13:06:33,979] INFO [ReplicaAlterLogDirsManager on broker 1] shutdown completed (kafka.server.ReplicaAlterLogDirsManager)
[2023-08-16 13:06:33,980] INFO [ExpirationReaper-1-Fetch]: Shutting down (kafka.server.DelayedOperationPurgatory$ExpiredOperationReaper)
[2023-08-16 13:06:33,985] INFO [ExpirationReaper-1-Fetch]: Stopped (kafka.server.DelayedOperationPurgatory$ExpiredOperationReaper)
[2023-08-16 13:06:33,985] INFO [ExpirationReaper-1-Fetch]: Shutdown completed (kafka.server.DelayedOperationPurgatory$ExpiredOperationReaper)
[2023-08-16 13:06:33,988] INFO [ExpirationReaper-1-Produce]: Shutting down (kafka.server.DelayedOperationPurgatory$ExpiredOperationReaper)
[2023-08-16 13:06:33,994] INFO [ExpirationReaper-1-Produce]: Stopped (kafka.server.DelayedOperationPurgatory$ExpiredOperationReaper)
[2023-08-16 13:06:33,994] INFO [ExpirationReaper-1-Produce]: Shutdown completed (kafka.server.DelayedOperationPurgatory$ExpiredOperationReaper)
[2023-08-16 13:06:34,005] INFO [ExpirationReaper-1-DeleteRecords]: Shutting down (kafka.server.DelayedOperationPurgatory$ExpiredOperationReaper)
[2023-08-16 13:06:34,009] INFO [ExpirationReaper-1-DeleteRecords]: Stopped (kafka.server.DelayedOperationPurgatory$ExpiredOperationReaper)
[2023-08-16 13:06:34,009] INFO [ExpirationReaper-1-DeleteRecords]: Shutdown completed (kafka.server.DelayedOperationPurgatory$ExpiredOperationReaper)
[2023-08-16 13:06:34,014] INFO [ExpirationReaper-1-ElectLeader]: Shutting down (kafka.server.DelayedOperationPurgatory$ExpiredOperationReaper)
[2023-08-16 13:06:34,018] INFO [ExpirationReaper-1-ElectLeader]: Stopped (kafka.server.DelayedOperationPurgatory$ExpiredOperationReaper)
[2023-08-16 13:06:34,018] INFO [ExpirationReaper-1-ElectLeader]: Shutdown completed (kafka.server.DelayedOperationPurgatory$ExpiredOperationReaper)
[2023-08-16 13:06:34,026] INFO [ReplicaManager broker=1] Shut down completely (kafka.server.ReplicaManager)
[2023-08-16 13:06:34,031] INFO [broker-1-to-controller-alter-partition-channel-manager]: Shutting down (kafka.server.BrokerToControllerRequestThread)
[2023-08-16 13:06:34,034] INFO [broker-1-to-controller-alter-partition-channel-manager]: Stopped (kafka.server.BrokerToControllerRequestThread)
[2023-08-16 13:06:34,034] INFO [broker-1-to-controller-alter-partition-channel-manager]: Shutdown completed (kafka.server.BrokerToControllerRequestThread)
[2023-08-16 13:06:34,037] INFO Broker to controller channel manager for alter-partition shutdown (kafka.server.BrokerToControllerChannelManagerImpl)
[2023-08-16 13:06:34,040] INFO [broker-1-to-controller-forwarding-channel-manager]: Shutting down (kafka.server.BrokerToControllerRequestThread)
[2023-08-16 13:06:34,045] INFO [broker-1-to-controller-forwarding-channel-manager]: Stopped (kafka.server.BrokerToControllerRequestThread)
[2023-08-16 13:06:34,045] INFO [broker-1-to-controller-forwarding-channel-manager]: Shutdown completed (kafka.server.BrokerToControllerRequestThread)
[2023-08-16 13:06:34,049] INFO Broker to controller channel manager for forwarding shutdown (kafka.server.BrokerToControllerChannelManagerImpl)
[2023-08-16 13:06:34,054] INFO Shutting down. (kafka.log.LogManager)
[2023-08-16 13:06:34,096] INFO [kafka-log-cleaner-thread-0]: Shutting down (kafka.log.LogCleaner$CleanerThread)
[2023-08-16 13:06:34,097] INFO [kafka-log-cleaner-thread-0]: Stopped (kafka.log.LogCleaner$CleanerThread)
[2023-08-16 13:06:34,097] INFO [kafka-log-cleaner-thread-0]: Shutdown completed (kafka.log.LogCleaner$CleanerThread)
[2023-08-16 13:06:34,194] INFO Shutdown complete. (kafka.log.LogManager)
[2023-08-16 13:06:34,199] INFO [broker-1-ThrottledChannelReaper-Fetch]: Shutting down (kafka.server.ClientQuotaManager$ThrottledChannelReaper)
[2023-08-16 13:06:34,206] INFO [broker-1-ThrottledChannelReaper-Fetch]: Stopped (kafka.server.ClientQuotaManager$ThrottledChannelReaper)
[2023-08-16 13:06:34,206] INFO [broker-1-ThrottledChannelReaper-Fetch]: Shutdown completed (kafka.server.ClientQuotaManager$ThrottledChannelReaper)
[2023-08-16 13:06:34,209] INFO [broker-1-ThrottledChannelReaper-Produce]: Shutting down (kafka.server.ClientQuotaManager$ThrottledChannelReaper)
[2023-08-16 13:06:34,209] INFO [broker-1-ThrottledChannelReaper-Produce]: Stopped (kafka.server.ClientQuotaManager$ThrottledChannelReaper)
[2023-08-16 13:06:34,209] INFO [broker-1-ThrottledChannelReaper-Produce]: Shutdown completed (kafka.server.ClientQuotaManager$ThrottledChannelReaper)
[2023-08-16 13:06:34,213] INFO [broker-1-ThrottledChannelReaper-Request]: Shutting down (kafka.server.ClientQuotaManager$ThrottledChannelReaper)
[2023-08-16 13:06:34,214] INFO [broker-1-ThrottledChannelReaper-Request]: Stopped (kafka.server.ClientQuotaManager$ThrottledChannelReaper)
[2023-08-16 13:06:34,214] INFO [broker-1-ThrottledChannelReaper-Request]: Shutdown completed (kafka.server.ClientQuotaManager$ThrottledChannelReaper)
[2023-08-16 13:06:34,219] INFO [broker-1-ThrottledChannelReaper-ControllerMutation]: Shutting down (kafka.server.ClientQuotaManager$ThrottledChannelReaper)
[2023-08-16 13:06:34,221] INFO [broker-1-ThrottledChannelReaper-ControllerMutation]: Stopped (kafka.server.ClientQuotaManager$ThrottledChannelReaper)
[2023-08-16 13:06:34,221] INFO [broker-1-ThrottledChannelReaper-ControllerMutation]: Shutdown completed (kafka.server.ClientQuotaManager$ThrottledChannelReaper)
[2023-08-16 13:06:34,225] INFO [SocketServer listenerType=BROKER, nodeId=1] Shutting down socket server (kafka.network.SocketServer)
[2023-08-16 13:06:34,316] INFO [SocketServer listenerType=BROKER, nodeId=1] Shutdown completed (kafka.network.SocketServer)
[2023-08-16 13:06:34,321] INFO Broker and topic stats closed (kafka.server.BrokerTopicStats)
[2023-08-16 13:06:34,324] INFO [BrokerLifecycleManager id=1] closed event queue. (org.apache.kafka.queue.KafkaEventQueue)
[2023-08-16 13:06:34,333] INFO [BrokerServer id=1] shut down completed (kafka.server.BrokerServer)
[2023-08-16 13:06:34,333] INFO [BrokerServer id=1] Transition from SHUTTING_DOWN to SHUTDOWN (kafka.server.BrokerServer)
[2023-08-16 13:06:34,337] INFO [ControllerServer id=1] shutting down (kafka.server.ControllerServer)
[2023-08-16 13:06:34,344] INFO [raft-expiration-reaper]: Shutting down (kafka.raft.TimingWheelExpirationService$ExpiredOperationReaper)
[2023-08-16 13:06:34,528] INFO [raft-expiration-reaper]: Shutdown completed (kafka.raft.TimingWheelExpirationService$ExpiredOperationReaper)
[2023-08-16 13:06:34,528] INFO [raft-expiration-reaper]: Stopped (kafka.raft.TimingWheelExpirationService$ExpiredOperationReaper)
[2023-08-16 13:06:34,531] INFO [kafka-1-raft-io-thread]: Shutting down (kafka.raft.KafkaRaftManager$RaftIoThread)
[2023-08-16 13:06:34,531] INFO [RaftManager id=1] Beginning graceful shutdown (org.apache.kafka.raft.KafkaRaftClient)
[2023-08-16 13:06:34,537] INFO [RaftManager id=1] Graceful shutdown completed (org.apache.kafka.raft.KafkaRaftClient)
[2023-08-16 13:06:34,539] INFO [kafka-1-raft-io-thread]: Completed graceful shutdown of RaftClient (kafka.raft.KafkaRaftManager$RaftIoThread)
[2023-08-16 13:06:34,540] INFO [kafka-1-raft-io-thread]: Stopped (kafka.raft.KafkaRaftManager$RaftIoThread)
[2023-08-16 13:06:34,540] INFO [kafka-1-raft-io-thread]: Shutdown completed (kafka.raft.KafkaRaftManager$RaftIoThread)
[2023-08-16 13:06:34,563] INFO [kafka-1-raft-outbound-request-thread]: Shutting down (kafka.raft.RaftSendThread)
[2023-08-16 13:06:34,565] INFO [kafka-1-raft-outbound-request-thread]: Shutdown completed (kafka.raft.RaftSendThread)
[2023-08-16 13:06:34,565] INFO [kafka-1-raft-outbound-request-thread]: Stopped (kafka.raft.RaftSendThread)
[2023-08-16 13:06:34,591] INFO [ProducerStateManager partition=__cluster_metadata-0]Wrote producer snapshot at offset 24269 with 0 producer ids in 12 ms. (org.apache.kafka.storage.internals.log.ProducerStateManager)
[2023-08-16 13:06:34,680] INFO [SocketServer listenerType=CONTROLLER, nodeId=1] Stopping socket server request processors (kafka.network.SocketServer)
[2023-08-16 13:06:34,688] INFO [SocketServer listenerType=CONTROLLER, nodeId=1] Stopped socket server request processors (kafka.network.SocketServer)
[2023-08-16 13:06:34,693] INFO [QuorumController id=1] QuorumController#beginShutdown: shutting down event queue. (org.apache.kafka.queue.KafkaEventQueue)
[2023-08-16 13:06:34,694] INFO [SocketServer listenerType=CONTROLLER, nodeId=1] Shutting down socket server (kafka.network.SocketServer)
[2023-08-16 13:06:34,722] INFO [SocketServer listenerType=CONTROLLER, nodeId=1] Shutdown completed (kafka.network.SocketServer)
[2023-08-16 13:06:34,724] INFO [data-plane Kafka Request Handler on Broker 1], shutting down (kafka.server.KafkaRequestHandlerPool)
[2023-08-16 13:06:34,728] INFO [data-plane Kafka Request Handler on Broker 1], shut down completely (kafka.server.KafkaRequestHandlerPool)
[2023-08-16 13:06:34,730] INFO [ExpirationReaper-1-AlterAcls]: Shutting down (kafka.server.DelayedOperationPurgatory$ExpiredOperationReaper)
[2023-08-16 13:06:34,736] INFO [ExpirationReaper-1-AlterAcls]: Stopped (kafka.server.DelayedOperationPurgatory$ExpiredOperationReaper)
[2023-08-16 13:06:34,736] INFO [ExpirationReaper-1-AlterAcls]: Shutdown completed (kafka.server.DelayedOperationPurgatory$ExpiredOperationReaper)
[2023-08-16 13:06:34,739] INFO [controller-1-ThrottledChannelReaper-Fetch]: Shutting down (kafka.server.ClientQuotaManager$ThrottledChannelReaper)
[2023-08-16 13:06:34,741] INFO [controller-1-ThrottledChannelReaper-Fetch]: Stopped (kafka.server.ClientQuotaManager$ThrottledChannelReaper)
[2023-08-16 13:06:34,741] INFO [controller-1-ThrottledChannelReaper-Fetch]: Shutdown completed (kafka.server.ClientQuotaManager$ThrottledChannelReaper)
[2023-08-16 13:06:34,743] INFO [controller-1-ThrottledChannelReaper-Produce]: Shutting down (kafka.server.ClientQuotaManager$ThrottledChannelReaper)
[2023-08-16 13:06:34,745] INFO [controller-1-ThrottledChannelReaper-Produce]: Stopped (kafka.server.ClientQuotaManager$ThrottledChannelReaper)
[2023-08-16 13:06:34,745] INFO [controller-1-ThrottledChannelReaper-Produce]: Shutdown completed (kafka.server.ClientQuotaManager$ThrottledChannelReaper)
[2023-08-16 13:06:34,748] INFO [controller-1-ThrottledChannelReaper-Request]: Shutting down (kafka.server.ClientQuotaManager$ThrottledChannelReaper)
[2023-08-16 13:06:34,749] INFO [controller-1-ThrottledChannelReaper-Request]: Stopped (kafka.server.ClientQuotaManager$ThrottledChannelReaper)
[2023-08-16 13:06:34,749] INFO [controller-1-ThrottledChannelReaper-Request]: Shutdown completed (kafka.server.ClientQuotaManager$ThrottledChannelReaper)
[2023-08-16 13:06:34,752] INFO [controller-1-ThrottledChannelReaper-ControllerMutation]: Shutting down (kafka.server.ClientQuotaManager$ThrottledChannelReaper)
[2023-08-16 13:06:34,753] INFO [controller-1-ThrottledChannelReaper-ControllerMutation]: Stopped (kafka.server.ClientQuotaManager$ThrottledChannelReaper)
[2023-08-16 13:06:34,753] INFO [controller-1-ThrottledChannelReaper-ControllerMutation]: Shutdown completed (kafka.server.ClientQuotaManager$ThrottledChannelReaper)
[2023-08-16 13:06:34,755] INFO [QuorumController id=1] closed event queue. (org.apache.kafka.queue.KafkaEventQueue)
[2023-08-16 13:06:34,761] INFO [SharedServer id=1] Stopping SharedServer (kafka.server.SharedServer)
[2023-08-16 13:06:34,763] INFO [MetadataLoader id=1] beginShutdown: shutting down event queue. (org.apache.kafka.queue.KafkaEventQueue)
[2023-08-16 13:06:34,764] INFO [SnapshotGenerator id=1] close: shutting down event queue. (org.apache.kafka.queue.KafkaEventQueue)
[2023-08-16 13:06:34,767] INFO [SnapshotGenerator id=1] closed event queue. (org.apache.kafka.queue.KafkaEventQueue)
[2023-08-16 13:06:34,769] INFO [MetadataLoader id=1] closed event queue. (org.apache.kafka.queue.KafkaEventQueue)
[2023-08-16 13:06:34,770] INFO [SnapshotGenerator id=1] closed event queue. (org.apache.kafka.queue.KafkaEventQueue)
[2023-08-16 13:06:34,775] INFO Metrics scheduler closed (org.apache.kafka.common.metrics.Metrics)
[2023-08-16 13:06:34,777] INFO Closing reporter org.apache.kafka.common.metrics.JmxReporter (org.apache.kafka.common.metrics.Metrics)
[2023-08-16 13:06:34,777] INFO Metrics reporters closed (org.apache.kafka.common.metrics.Metrics)
[2023-08-16 13:06:34,781] INFO App info kafka.server for 1 unregistered (org.apache.kafka.common.utils.AppInfoParser)
[2023-08-16 13:06:34,783] INFO App info kafka.server for 1 unregistered (org.apache.kafka.common.utils.AppInfoParser)
[2023-08-16 13:06:49,826] INFO Registered kafka:type=kafka.Log4jController MBean (kafka.utils.Log4jControllerRegistration$)
[2023-08-16 13:06:50,933] INFO Setting -D jdk.tls.rejectClientInitiatedRenegotiation=true to disable client-initiated TLS renegotiation (org.apache.zookeeper.common.X509Util)
[2023-08-16 13:06:51,525] INFO Registered signal handlers for TERM, INT, HUP (org.apache.kafka.common.utils.LoggingSignalHandler)
[2023-08-16 13:06:51,538] INFO [ControllerServer id=1] Starting controller (kafka.server.ControllerServer)
[2023-08-16 13:06:52,938] INFO Updated connection-accept-rate max connection creation rate to 2147483647 (kafka.network.ConnectionQuotas)
[2023-08-16 13:06:53,052] INFO [SocketServer listenerType=CONTROLLER, nodeId=1] Created data-plane acceptor and processors for endpoint : ListenerName(CONTROLLER) (kafka.network.SocketServer)
[2023-08-16 13:06:53,056] INFO [SharedServer id=1] Starting SharedServer (kafka.server.SharedServer)
[2023-08-16 13:06:53,568] INFO [LogLoader partition=__cluster_metadata-0, dir=/mnt/c/Users/Newfolder/BigDataTechnologies/kafka_2.13-3.5.0/kraft-combined-logs] Recovering unflushed segment 0. 0/1 recovered for __cluster_metadata-0. (kafka.log.LogLoader)
[2023-08-16 13:06:53,602] INFO [LogLoader partition=__cluster_metadata-0, dir=/mnt/c/Users/Newfolder/BigDataTechnologies/kafka_2.13-3.5.0/kraft-combined-logs] Loading producer state till offset 0 with message format version 2 (kafka.log.UnifiedLog$)
[2023-08-16 13:06:53,605] INFO [LogLoader partition=__cluster_metadata-0, dir=/mnt/c/Users/Newfolder/BigDataTechnologies/kafka_2.13-3.5.0/kraft-combined-logs] Reloading from producer snapshot and rebuilding producer state from offset 0 (kafka.log.UnifiedLog$)
[2023-08-16 13:06:53,615] INFO Deleted producer state snapshot /mnt/c/Users/Newfolder/BigDataTechnologies/kafka_2.13-3.5.0/kraft-combined-logs/__cluster_metadata-0/00000000000000009925.snapshot (org.apache.kafka.storage.internals.log.SnapshotFile)
[2023-08-16 13:06:53,629] INFO Deleted producer state snapshot /mnt/c/Users/Newfolder/BigDataTechnologies/kafka_2.13-3.5.0/kraft-combined-logs/__cluster_metadata-0/00000000000000024269.snapshot (org.apache.kafka.storage.internals.log.SnapshotFile)
[2023-08-16 13:06:53,630] INFO [LogLoader partition=__cluster_metadata-0, dir=/mnt/c/Users/Newfolder/BigDataTechnologies/kafka_2.13-3.5.0/kraft-combined-logs] Producer state recovery took 23ms for snapshot load and 0ms for segment recovery from offset 0 (kafka.log.UnifiedLog$)
[2023-08-16 13:07:17,826] INFO [ProducerStateManager partition=__cluster_metadata-0]Wrote producer snapshot at offset 24269 with 0 producer ids in 10 ms. (org.apache.kafka.storage.internals.log.ProducerStateManager)
[2023-08-16 13:07:17,922] INFO [LogLoader partition=__cluster_metadata-0, dir=/mnt/c/Users/Newfolder/BigDataTechnologies/kafka_2.13-3.5.0/kraft-combined-logs] Loading producer state till offset 24269 with message format version 2 (kafka.log.UnifiedLog$)
[2023-08-16 13:07:17,924] INFO [LogLoader partition=__cluster_metadata-0, dir=/mnt/c/Users/Newfolder/BigDataTechnologies/kafka_2.13-3.5.0/kraft-combined-logs] Reloading from producer snapshot and rebuilding producer state from offset 24269 (kafka.log.UnifiedLog$)
[2023-08-16 13:07:17,924] INFO [ProducerStateManager partition=__cluster_metadata-0]Loading producer state from snapshot file 'SnapshotFile(offset=24269, file=/mnt/c/Users/Newfolder/BigDataTechnologies/kafka_2.13-3.5.0/kraft-combined-logs/__cluster_metadata-0/00000000000000024269.snapshot)' (org.apache.kafka.storage.internals.log.ProducerStateManager)
[2023-08-16 13:07:17,932] INFO [LogLoader partition=__cluster_metadata-0, dir=/mnt/c/Users/Newfolder/BigDataTechnologies/kafka_2.13-3.5.0/kraft-combined-logs] Producer state recovery took 8ms for snapshot load and 0ms for segment recovery from offset 24269 (kafka.log.UnifiedLog$)
[2023-08-16 13:07:18,081] INFO Initialized snapshots with IDs SortedSet(OffsetAndEpoch(offset=17073, epoch=4)) from /mnt/c/Users/Newfolder/BigDataTechnologies/kafka_2.13-3.5.0/kraft-combined-logs/__cluster_metadata-0 (kafka.raft.KafkaMetadataLog$)
[2023-08-16 13:07:18,151] INFO [raft-expiration-reaper]: Starting (kafka.raft.TimingWheelExpirationService$ExpiredOperationReaper)
[2023-08-16 13:07:18,937] INFO [RaftManager id=1] Completed transition to ResignedState(localId=1, epoch=4, voters=[1], electionTimeoutMs=1027, unackedVoters=[], preferredSuccessors=[]) from null (org.apache.kafka.raft.QuorumState)
[2023-08-16 13:07:18,971] INFO [RaftManager id=1] Completed transition to CandidateState(localId=1, epoch=5, retries=1, voteStates={1=GRANTED}, highWatermark=Optional.empty, electionTimeoutMs=1688) from ResignedState(localId=1, epoch=4, voters=[1], electionTimeoutMs=1027, unackedVoters=[], preferredSuccessors=[]) (org.apache.kafka.raft.QuorumState)
[2023-08-16 13:07:19,026] INFO [RaftManager id=1] Completed transition to Leader(localId=1, epoch=5, epochStartOffset=24269, highWatermark=Optional.empty, voterStates={1=ReplicaState(nodeId=1, endOffset=Optional.empty, lastFetchTimestamp=-1, lastCaughtUpTimestamp=-1, hasAcknowledgedLeader=true)}) from CandidateState(localId=1, epoch=5, retries=1, voteStates={1=GRANTED}, highWatermark=Optional.empty, electionTimeoutMs=1688) (org.apache.kafka.raft.QuorumState)
[2023-08-16 13:07:19,095] INFO [kafka-1-raft-outbound-request-thread]: Starting (kafka.raft.RaftSendThread)
[2023-08-16 13:07:19,095] INFO [kafka-1-raft-io-thread]: Starting (kafka.raft.KafkaRaftManager$RaftIoThread)
[2023-08-16 13:07:19,203] INFO [MetadataLoader id=1] initializeNewPublishers: The loader is still catching up because we have loaded up to offset -1, but the high water mark is 24270 (org.apache.kafka.image.loader.MetadataLoader)
[2023-08-16 13:07:19,204] INFO [RaftManager id=1] High watermark set to LogOffsetMetadata(offset=24270, metadata=Optional[(segmentBaseOffset=0,relativePositionInSegment=1747765)]) for the first time for epoch 5 based on indexOfHw 0 and voters [ReplicaState(nodeId=1, endOffset=Optional[LogOffsetMetadata(offset=24270, metadata=Optional[(segmentBaseOffset=0,relativePositionInSegment=1747765)])], lastFetchTimestamp=-1, lastCaughtUpTimestamp=-1, hasAcknowledgedLeader=true)] (org.apache.kafka.raft.LeaderState)
[2023-08-16 13:07:19,206] INFO [ControllerServer id=1] Waiting for controller quorum voters future (kafka.server.ControllerServer)
[2023-08-16 13:07:19,207] INFO [ControllerServer id=1] Finished waiting for controller quorum voters future (kafka.server.ControllerServer)
[2023-08-16 13:07:19,246] INFO [RaftManager id=1] Registered the listener org.apache.kafka.image.loader.MetadataLoader@1512536521 (org.apache.kafka.raft.KafkaRaftClient)
[2023-08-16 13:07:19,351] INFO [RaftManager id=1] Registered the listener org.apache.kafka.controller.QuorumController$QuorumMetaLogListener@1507933152 (org.apache.kafka.raft.KafkaRaftClient)
[2023-08-16 13:07:19,396] INFO [controller-1-ThrottledChannelReaper-Fetch]: Starting (kafka.server.ClientQuotaManager$ThrottledChannelReaper)
[2023-08-16 13:07:19,402] INFO [controller-1-ThrottledChannelReaper-Produce]: Starting (kafka.server.ClientQuotaManager$ThrottledChannelReaper)
[2023-08-16 13:07:19,409] INFO [controller-1-ThrottledChannelReaper-Request]: Starting (kafka.server.ClientQuotaManager$ThrottledChannelReaper)
[2023-08-16 13:07:19,456] INFO [controller-1-ThrottledChannelReaper-ControllerMutation]: Starting (kafka.server.ClientQuotaManager$ThrottledChannelReaper)
[2023-08-16 13:07:19,622] INFO [ExpirationReaper-1-AlterAcls]: Starting (kafka.server.DelayedOperationPurgatory$ExpiredOperationReaper)
[2023-08-16 13:07:19,641] INFO [SocketServer listenerType=CONTROLLER, nodeId=1] Enabling request processing. (kafka.network.SocketServer)
[2023-08-16 13:07:19,691] INFO Awaiting socket connections on 0.0.0.0:9093. (kafka.network.DataPlaneAcceptor)
[2023-08-16 13:07:19,739] INFO [ControllerServer id=1] Waiting for all of the authorizer futures to be completed (kafka.server.ControllerServer)
[2023-08-16 13:07:19,744] INFO [ControllerServer id=1] Finished waiting for all of the authorizer futures to be completed (kafka.server.ControllerServer)
[2023-08-16 13:07:19,746] INFO [ControllerServer id=1] Waiting for all of the SocketServer Acceptors to be started (kafka.server.ControllerServer)
[2023-08-16 13:07:19,752] INFO [ControllerServer id=1] Finished waiting for all of the SocketServer Acceptors to be started (kafka.server.ControllerServer)
[2023-08-16 13:07:19,755] INFO [MetadataLoader id=1] handleCommit: The loader is still catching up because we have loaded up to offset 24268, but the high water mark is 24270 (org.apache.kafka.image.loader.MetadataLoader)
[2023-08-16 13:07:19,758] INFO [MetadataLoader id=1] initializeNewPublishers: The loader is still catching up because we have loaded up to offset 24268, but the high water mark is 24270 (org.apache.kafka.image.loader.MetadataLoader)
[2023-08-16 13:07:19,788] INFO [ControllerServer id=1] Waiting for the controller metadata publishers to be installed (kafka.server.ControllerServer)
[2023-08-16 13:07:19,788] INFO [MetadataLoader id=1] initializeNewPublishers: The loader is still catching up because we have loaded up to offset 24268, but the high water mark is 24270 (org.apache.kafka.image.loader.MetadataLoader)
[2023-08-16 13:07:19,789] INFO [ControllerServer id=1] Finished waiting for the controller metadata publishers to be installed (kafka.server.ControllerServer)
[2023-08-16 13:07:19,796] INFO [BrokerServer id=1] Transition from SHUTDOWN to STARTING (kafka.server.BrokerServer)
[2023-08-16 13:07:19,802] INFO [BrokerServer id=1] Starting broker (kafka.server.BrokerServer)
[2023-08-16 13:07:19,848] INFO [broker-1-ThrottledChannelReaper-Fetch]: Starting (kafka.server.ClientQuotaManager$ThrottledChannelReaper)
[2023-08-16 13:07:19,848] INFO [broker-1-ThrottledChannelReaper-Request]: Starting (kafka.server.ClientQuotaManager$ThrottledChannelReaper)
[2023-08-16 13:07:19,848] INFO [broker-1-ThrottledChannelReaper-Produce]: Starting (kafka.server.ClientQuotaManager$ThrottledChannelReaper)
[2023-08-16 13:07:19,849] INFO [broker-1-ThrottledChannelReaper-ControllerMutation]: Starting (kafka.server.ClientQuotaManager$ThrottledChannelReaper)
[2023-08-16 13:07:19,891] INFO [MetadataLoader id=1] initializeNewPublishers: The loader is still catching up because we have loaded up to offset 24268, but the high water mark is 24270 (org.apache.kafka.image.loader.MetadataLoader)
[2023-08-16 13:07:19,962] INFO [BrokerServer id=1] Waiting for controller quorum voters future (kafka.server.BrokerServer)
[2023-08-16 13:07:19,963] INFO [BrokerServer id=1] Finished waiting for controller quorum voters future (kafka.server.BrokerServer)
[2023-08-16 13:07:19,985] INFO [broker-1-to-controller-forwarding-channel-manager]: Starting (kafka.server.BrokerToControllerRequestThread)
[2023-08-16 13:07:19,988] INFO [broker-1-to-controller-forwarding-channel-manager]: Recorded new controller, from now on will use node localhost:9093 (id: 1 rack: null) (kafka.server.BrokerToControllerRequestThread)
[2023-08-16 13:07:19,993] INFO [MetadataLoader id=1] initializeNewPublishers: The loader is still catching up because we have loaded up to offset 24268, but the high water mark is 24270 (org.apache.kafka.image.loader.MetadataLoader)
[2023-08-16 13:07:20,079] INFO Updated connection-accept-rate max connection creation rate to 2147483647 (kafka.network.ConnectionQuotas)
[2023-08-16 13:07:20,092] INFO [SocketServer listenerType=BROKER, nodeId=1] Created data-plane acceptor and processors for endpoint : ListenerName(PLAINTEXT) (kafka.network.SocketServer)
[2023-08-16 13:07:20,094] INFO [MetadataLoader id=1] initializeNewPublishers: The loader is still catching up because we have loaded up to offset 24268, but the high water mark is 24270 (org.apache.kafka.image.loader.MetadataLoader)
[2023-08-16 13:07:20,107] INFO [broker-1-to-controller-alter-partition-channel-manager]: Starting (kafka.server.BrokerToControllerRequestThread)
[2023-08-16 13:07:20,109] INFO [broker-1-to-controller-alter-partition-channel-manager]: Recorded new controller, from now on will use node localhost:9093 (id: 1 rack: null) (kafka.server.BrokerToControllerRequestThread)
[2023-08-16 13:07:20,179] INFO [ExpirationReaper-1-Produce]: Starting (kafka.server.DelayedOperationPurgatory$ExpiredOperationReaper)
[2023-08-16 13:07:20,182] INFO [ExpirationReaper-1-Fetch]: Starting (kafka.server.DelayedOperationPurgatory$ExpiredOperationReaper)
[2023-08-16 13:07:20,183] INFO [ExpirationReaper-1-DeleteRecords]: Starting (kafka.server.DelayedOperationPurgatory$ExpiredOperationReaper)
[2023-08-16 13:07:20,185] INFO [ExpirationReaper-1-ElectLeader]: Starting (kafka.server.DelayedOperationPurgatory$ExpiredOperationReaper)
[2023-08-16 13:07:20,196] INFO [MetadataLoader id=1] initializeNewPublishers: The loader is still catching up because we have loaded up to offset 24268, but the high water mark is 24270 (org.apache.kafka.image.loader.MetadataLoader)
[2023-08-16 13:07:20,290] INFO [ExpirationReaper-1-Heartbeat]: Starting (kafka.server.DelayedOperationPurgatory$ExpiredOperationReaper)
[2023-08-16 13:07:20,291] INFO [ExpirationReaper-1-Rebalance]: Starting (kafka.server.DelayedOperationPurgatory$ExpiredOperationReaper)
[2023-08-16 13:07:20,298] INFO [MetadataLoader id=1] initializeNewPublishers: The loader is still catching up because we have loaded up to offset 24268, but the high water mark is 24270 (org.apache.kafka.image.loader.MetadataLoader)
[2023-08-16 13:07:20,393] INFO [MetadataLoader id=1] handleCommit: The loader finished catching up to the current high water mark of 24271 (org.apache.kafka.image.loader.MetadataLoader)
[2023-08-16 13:07:20,412] INFO [MetadataLoader id=1] InitializeNewPublishers: initializing SnapshotGenerator with a snapshot at offset 24270 (org.apache.kafka.image.loader.MetadataLoader)
[2023-08-16 13:07:20,419] INFO [MetadataLoader id=1] InitializeNewPublishers: initializing DynamicConfigPublisher controller id=1 with a snapshot at offset 24270 (org.apache.kafka.image.loader.MetadataLoader)
[2023-08-16 13:07:20,421] INFO [MetadataLoader id=1] InitializeNewPublishers: initializing DynamicClientQuotaPublisher controller id=1 with a snapshot at offset 24270 (org.apache.kafka.image.loader.MetadataLoader)
[2023-08-16 13:07:20,425] INFO [MetadataLoader id=1] InitializeNewPublishers: initializing ScramPublisher controller id=1 with a snapshot at offset 24270 (org.apache.kafka.image.loader.MetadataLoader)
[2023-08-16 13:07:20,440] INFO [MetadataLoader id=1] InitializeNewPublishers: initializing ControllerMetadataMetricsPublisher with a snapshot at offset 24270 (org.apache.kafka.image.loader.MetadataLoader)
[2023-08-16 13:07:20,457] INFO [broker-1-to-controller-heartbeat-channel-manager]: Starting (kafka.server.BrokerToControllerRequestThread)
[2023-08-16 13:07:20,459] INFO [broker-1-to-controller-heartbeat-channel-manager]: Recorded new controller, from now on will use node localhost:9093 (id: 1 rack: null) (kafka.server.BrokerToControllerRequestThread)
[2023-08-16 13:07:20,478] INFO [BrokerLifecycleManager id=1] Incarnation YDLazmJZQEypRSgyZVjX4g of broker 1 in cluster ZP2ltPx0So-u7ZsfIzft0Q is now STARTING. (kafka.server.BrokerLifecycleManager)
[2023-08-16 13:07:20,562] INFO [ExpirationReaper-1-AlterAcls]: Starting (kafka.server.DelayedOperationPurgatory$ExpiredOperationReaper)
[2023-08-16 13:07:20,655] INFO [BrokerServer id=1] Waiting for the broker metadata publishers to be installed (kafka.server.BrokerServer)
[2023-08-16 13:07:20,656] INFO [MetadataLoader id=1] InitializeNewPublishers: initializing BrokerMetadataPublisher with a snapshot at offset 24270 (org.apache.kafka.image.loader.MetadataLoader)
[2023-08-16 13:07:20,656] INFO [BrokerServer id=1] Finished waiting for the broker metadata publishers to be installed (kafka.server.BrokerServer)
[2023-08-16 13:07:20,657] INFO [BrokerServer id=1] Waiting for the controller to acknowledge that we are caught up (kafka.server.BrokerServer)
[2023-08-16 13:07:20,658] INFO [BrokerMetadataPublisher id=1] Publishing initial metadata at offset OffsetAndEpoch(offset=24270, epoch=5) with metadata.version 3.5-IV2. (kafka.server.metadata.BrokerMetadataPublisher)
[2023-08-16 13:07:20,660] INFO Loading logs from log dirs ArraySeq(/mnt/c/Users/Newfolder/BigDataTechnologies/kafka_2.13-3.5.0/kraft-combined-logs) (kafka.log.LogManager)
[2023-08-16 13:07:20,775] INFO No logs found to be loaded in /mnt/c/Users/Newfolder/BigDataTechnologies/kafka_2.13-3.5.0/kraft-combined-logs (kafka.log.LogManager)
[2023-08-16 13:07:20,791] INFO Loaded 0 logs in 130ms (kafka.log.LogManager)
[2023-08-16 13:07:20,794] INFO Starting log cleanup with a period of 300000 ms. (kafka.log.LogManager)
[2023-08-16 13:07:20,796] INFO Starting log flusher with a default period of 9223372036854775807 ms. (kafka.log.LogManager)
[2023-08-16 13:07:20,954] INFO [BrokerLifecycleManager id=1] Successfully registered broker 1 with broker epoch 24272 (kafka.server.BrokerLifecycleManager)
[2023-08-16 13:07:21,037] INFO [kafka-log-cleaner-thread-0]: Starting (kafka.log.LogCleaner$CleanerThread)
[2023-08-16 13:07:21,045] INFO [LogDirFailureHandler]: Starting (kafka.server.ReplicaManager$LogDirFailureHandler)
[2023-08-16 13:07:21,048] INFO [GroupCoordinator 1]: Starting up. (kafka.coordinator.group.GroupCoordinator)
[2023-08-16 13:07:21,052] INFO [GroupCoordinator 1]: Startup complete. (kafka.coordinator.group.GroupCoordinator)
[2023-08-16 13:07:21,054] INFO [TransactionCoordinator id=1] Starting up. (kafka.coordinator.transaction.TransactionCoordinator)
[2023-08-16 13:07:21,058] INFO [TxnMarkerSenderThread-1]: Starting (kafka.coordinator.transaction.TransactionMarkerChannelManager)
[2023-08-16 13:07:21,058] INFO [TransactionCoordinator id=1] Startup complete. (kafka.coordinator.transaction.TransactionCoordinator)
[2023-08-16 13:07:21,061] INFO [BrokerMetadataPublisher id=1] Updating metadata.version to 11 at offset OffsetAndEpoch(offset=24270, epoch=5). (kafka.server.metadata.BrokerMetadataPublisher)
[2023-08-16 13:07:21,091] INFO [BrokerLifecycleManager id=1] The broker has caught up. Transitioning from STARTING to RECOVERY. (kafka.server.BrokerLifecycleManager)
[2023-08-16 13:07:21,092] INFO [BrokerServer id=1] Finished waiting for the controller to acknowledge that we are caught up (kafka.server.BrokerServer)
[2023-08-16 13:07:21,094] INFO [BrokerServer id=1] Waiting for the initial broker metadata update to be published (kafka.server.BrokerServer)
[2023-08-16 13:07:21,095] INFO [BrokerServer id=1] Finished waiting for the initial broker metadata update to be published (kafka.server.BrokerServer)
[2023-08-16 13:07:21,097] INFO KafkaConfig values: 
	advertised.listeners = PLAINTEXT://localhost:9092
	alter.config.policy.class.name = null
	alter.log.dirs.replication.quota.window.num = 11
	alter.log.dirs.replication.quota.window.size.seconds = 1
	authorizer.class.name = 
	auto.create.topics.enable = true
	auto.include.jmx.reporter = true
	auto.leader.rebalance.enable = true
	background.threads = 10
	broker.heartbeat.interval.ms = 2000
	broker.id = 1
	broker.id.generation.enable = true
	broker.rack = null
	broker.session.timeout.ms = 9000
	client.quota.callback.class = null
	compression.type = producer
	connection.failed.authentication.delay.ms = 100
	connections.max.idle.ms = 600000
	connections.max.reauth.ms = 0
	control.plane.listener.name = null
	controlled.shutdown.enable = true
	controlled.shutdown.max.retries = 3
	controlled.shutdown.retry.backoff.ms = 5000
	controller.listener.names = CONTROLLER
	controller.quorum.append.linger.ms = 25
	controller.quorum.election.backoff.max.ms = 1000
	controller.quorum.election.timeout.ms = 1000
	controller.quorum.fetch.timeout.ms = 2000
	controller.quorum.request.timeout.ms = 2000
	controller.quorum.retry.backoff.ms = 20
	controller.quorum.voters = [1@localhost:9093]
	controller.quota.window.num = 11
	controller.quota.window.size.seconds = 1
	controller.socket.timeout.ms = 30000
	create.topic.policy.class.name = null
	default.replication.factor = 1
	delegation.token.expiry.check.interval.ms = 3600000
	delegation.token.expiry.time.ms = 86400000
	delegation.token.master.key = null
	delegation.token.max.lifetime.ms = 604800000
	delegation.token.secret.key = null
	delete.records.purgatory.purge.interval.requests = 1
	delete.topic.enable = true
	early.start.listeners = null
	fetch.max.bytes = 57671680
	fetch.purgatory.purge.interval.requests = 1000
	group.consumer.assignors = []
	group.consumer.heartbeat.interval.ms = 5000
	group.consumer.max.heartbeat.interval.ms = 15000
	group.consumer.max.session.timeout.ms = 60000
	group.consumer.max.size = 2147483647
	group.consumer.min.heartbeat.interval.ms = 5000
	group.consumer.min.session.timeout.ms = 45000
	group.consumer.session.timeout.ms = 45000
	group.coordinator.new.enable = false
	group.coordinator.threads = 1
	group.initial.rebalance.delay.ms = 3000
	group.max.session.timeout.ms = 1800000
	group.max.size = 2147483647
	group.min.session.timeout.ms = 6000
	initial.broker.registration.timeout.ms = 60000
	inter.broker.listener.name = PLAINTEXT
	inter.broker.protocol.version = 3.5-IV2
	kafka.metrics.polling.interval.secs = 10
	kafka.metrics.reporters = []
	leader.imbalance.check.interval.seconds = 300
	leader.imbalance.per.broker.percentage = 10
	listener.security.protocol.map = CONTROLLER:PLAINTEXT,PLAINTEXT:PLAINTEXT,SSL:SSL,SASL_PLAINTEXT:SASL_PLAINTEXT,SASL_SSL:SASL_SSL
	listeners = PLAINTEXT://:9092,CONTROLLER://:9093
	log.cleaner.backoff.ms = 15000
	log.cleaner.dedupe.buffer.size = 134217728
	log.cleaner.delete.retention.ms = 86400000
	log.cleaner.enable = true
	log.cleaner.io.buffer.load.factor = 0.9
	log.cleaner.io.buffer.size = 524288
	log.cleaner.io.max.bytes.per.second = 1.7976931348623157E308
	log.cleaner.max.compaction.lag.ms = 9223372036854775807
	log.cleaner.min.cleanable.ratio = 0.5
	log.cleaner.min.compaction.lag.ms = 0
	log.cleaner.threads = 1
	log.cleanup.policy = [delete]
	log.dir = /tmp/kafka-logs
	log.dirs = kraft-combined-logs
	log.flush.interval.messages = 9223372036854775807
	log.flush.interval.ms = null
	log.flush.offset.checkpoint.interval.ms = 60000
	log.flush.scheduler.interval.ms = 9223372036854775807
	log.flush.start.offset.checkpoint.interval.ms = 60000
	log.index.interval.bytes = 4096
	log.index.size.max.bytes = 10485760
	log.message.downconversion.enable = true
	log.message.format.version = 3.0-IV1
	log.message.timestamp.difference.max.ms = 9223372036854775807
	log.message.timestamp.type = CreateTime
	log.preallocate = false
	log.retention.bytes = -1
	log.retention.check.interval.ms = 300000
	log.retention.hours = 168
	log.retention.minutes = null
	log.retention.ms = null
	log.roll.hours = 168
	log.roll.jitter.hours = 0
	log.roll.jitter.ms = null
	log.roll.ms = null
	log.segment.bytes = 1073741824
	log.segment.delete.delay.ms = 60000
	max.connection.creation.rate = 2147483647
	max.connections = 2147483647
	max.connections.per.ip = 2147483647
	max.connections.per.ip.overrides = 
	max.incremental.fetch.session.cache.slots = 1000
	message.max.bytes = 1048588
	metadata.log.dir = null
	metadata.log.max.record.bytes.between.snapshots = 20971520
	metadata.log.max.snapshot.interval.ms = 3600000
	metadata.log.segment.bytes = 1073741824
	metadata.log.segment.min.bytes = 8388608
	metadata.log.segment.ms = 604800000
	metadata.max.idle.interval.ms = 500
	metadata.max.retention.bytes = 104857600
	metadata.max.retention.ms = 604800000
	metric.reporters = []
	metrics.num.samples = 2
	metrics.recording.level = INFO
	metrics.sample.window.ms = 30000
	min.insync.replicas = 1
	node.id = 1
	num.io.threads = 8
	num.network.threads = 3
	num.partitions = 1
	num.recovery.threads.per.data.dir = 1
	num.replica.alter.log.dirs.threads = null
	num.replica.fetchers = 1
	offset.metadata.max.bytes = 4096
	offsets.commit.required.acks = -1
	offsets.commit.timeout.ms = 5000
	offsets.load.buffer.size = 5242880
	offsets.retention.check.interval.ms = 600000
	offsets.retention.minutes = 10080
	offsets.topic.compression.codec = 0
	offsets.topic.num.partitions = 50
	offsets.topic.replication.factor = 1
	offsets.topic.segment.bytes = 104857600
	password.encoder.cipher.algorithm = AES/CBC/PKCS5Padding
	password.encoder.iterations = 4096
	password.encoder.key.length = 128
	password.encoder.keyfactory.algorithm = null
	password.encoder.old.secret = null
	password.encoder.secret = null
	principal.builder.class = class org.apache.kafka.common.security.authenticator.DefaultKafkaPrincipalBuilder
	process.roles = [broker, controller]
	producer.id.expiration.check.interval.ms = 600000
	producer.id.expiration.ms = 86400000
	producer.purgatory.purge.interval.requests = 1000
	queued.max.request.bytes = -1
	queued.max.requests = 500
	quota.window.num = 11
	quota.window.size.seconds = 1
	remote.log.index.file.cache.total.size.bytes = 1073741824
	remote.log.manager.task.interval.ms = 30000
	remote.log.manager.task.retry.backoff.max.ms = 30000
	remote.log.manager.task.retry.backoff.ms = 500
	remote.log.manager.task.retry.jitter = 0.2
	remote.log.manager.thread.pool.size = 10
	remote.log.metadata.manager.class.name = null
	remote.log.metadata.manager.class.path = null
	remote.log.metadata.manager.impl.prefix = null
	remote.log.metadata.manager.listener.name = null
	remote.log.reader.max.pending.tasks = 100
	remote.log.reader.threads = 10
	remote.log.storage.manager.class.name = null
	remote.log.storage.manager.class.path = null
	remote.log.storage.manager.impl.prefix = null
	remote.log.storage.system.enable = false
	replica.fetch.backoff.ms = 1000
	replica.fetch.max.bytes = 1048576
	replica.fetch.min.bytes = 1
	replica.fetch.response.max.bytes = 10485760
	replica.fetch.wait.max.ms = 500
	replica.high.watermark.checkpoint.interval.ms = 5000
	replica.lag.time.max.ms = 30000
	replica.selector.class = null
	replica.socket.receive.buffer.bytes = 65536
	replica.socket.timeout.ms = 30000
	replication.quota.window.num = 11
	replication.quota.window.size.seconds = 1
	request.timeout.ms = 30000
	reserved.broker.max.id = 1000
	sasl.client.callback.handler.class = null
	sasl.enabled.mechanisms = [GSSAPI]
	sasl.jaas.config = null
	sasl.kerberos.kinit.cmd = /usr/bin/kinit
	sasl.kerberos.min.time.before.relogin = 60000
	sasl.kerberos.principal.to.local.rules = [DEFAULT]
	sasl.kerberos.service.name = null
	sasl.kerberos.ticket.renew.jitter = 0.05
	sasl.kerberos.ticket.renew.window.factor = 0.8
	sasl.login.callback.handler.class = null
	sasl.login.class = null
	sasl.login.connect.timeout.ms = null
	sasl.login.read.timeout.ms = null
	sasl.login.refresh.buffer.seconds = 300
	sasl.login.refresh.min.period.seconds = 60
	sasl.login.refresh.window.factor = 0.8
	sasl.login.refresh.window.jitter = 0.05
	sasl.login.retry.backoff.max.ms = 10000
	sasl.login.retry.backoff.ms = 100
	sasl.mechanism.controller.protocol = GSSAPI
	sasl.mechanism.inter.broker.protocol = GSSAPI
	sasl.oauthbearer.clock.skew.seconds = 30
	sasl.oauthbearer.expected.audience = null
	sasl.oauthbearer.expected.issuer = null
	sasl.oauthbearer.jwks.endpoint.refresh.ms = 3600000
	sasl.oauthbearer.jwks.endpoint.retry.backoff.max.ms = 10000
	sasl.oauthbearer.jwks.endpoint.retry.backoff.ms = 100
	sasl.oauthbearer.jwks.endpoint.url = null
	sasl.oauthbearer.scope.claim.name = scope
	sasl.oauthbearer.sub.claim.name = sub
	sasl.oauthbearer.token.endpoint.url = null
	sasl.server.callback.handler.class = null
	sasl.server.max.receive.size = 524288
	security.inter.broker.protocol = PLAINTEXT
	security.providers = null
	server.max.startup.time.ms = 9223372036854775807
	socket.connection.setup.timeout.max.ms = 30000
	socket.connection.setup.timeout.ms = 10000
	socket.listen.backlog.size = 50
	socket.receive.buffer.bytes = 102400
	socket.request.max.bytes = 104857600
	socket.send.buffer.bytes = 102400
	ssl.cipher.suites = []
	ssl.client.auth = none
	ssl.enabled.protocols = [TLSv1.2, TLSv1.3]
	ssl.endpoint.identification.algorithm = https
	ssl.engine.factory.class = null
	ssl.key.password = null
	ssl.keymanager.algorithm = SunX509
	ssl.keystore.certificate.chain = null
	ssl.keystore.key = null
	ssl.keystore.location = null
	ssl.keystore.password = null
	ssl.keystore.type = JKS
	ssl.principal.mapping.rules = DEFAULT
	ssl.protocol = TLSv1.3
	ssl.provider = null
	ssl.secure.random.implementation = null
	ssl.trustmanager.algorithm = PKIX
	ssl.truststore.certificates = null
	ssl.truststore.location = null
	ssl.truststore.password = null
	ssl.truststore.type = JKS
	transaction.abort.timed.out.transaction.cleanup.interval.ms = 10000
	transaction.max.timeout.ms = 900000
	transaction.remove.expired.transaction.cleanup.interval.ms = 3600000
	transaction.state.log.load.buffer.size = 5242880
	transaction.state.log.min.isr = 1
	transaction.state.log.num.partitions = 50
	transaction.state.log.replication.factor = 1
	transaction.state.log.segment.bytes = 104857600
	transactional.id.expiration.ms = 604800000
	unclean.leader.election.enable = false
	unstable.api.versions.enable = false
	zookeeper.clientCnxnSocket = null
	zookeeper.connect = null
	zookeeper.connection.timeout.ms = null
	zookeeper.max.in.flight.requests = 10
	zookeeper.metadata.migration.enable = false
	zookeeper.session.timeout.ms = 18000
	zookeeper.set.acl = false
	zookeeper.ssl.cipher.suites = null
	zookeeper.ssl.client.enable = false
	zookeeper.ssl.crl.enable = false
	zookeeper.ssl.enabled.protocols = null
	zookeeper.ssl.endpoint.identification.algorithm = HTTPS
	zookeeper.ssl.keystore.location = null
	zookeeper.ssl.keystore.password = null
	zookeeper.ssl.keystore.type = null
	zookeeper.ssl.ocsp.enable = false
	zookeeper.ssl.protocol = TLSv1.2
	zookeeper.ssl.truststore.location = null
	zookeeper.ssl.truststore.password = null
	zookeeper.ssl.truststore.type = null
 (kafka.server.KafkaConfig)
[2023-08-16 13:07:21,113] INFO [BrokerLifecycleManager id=1] The broker is in RECOVERY. (kafka.server.BrokerLifecycleManager)
[2023-08-16 13:07:21,120] INFO [BrokerServer id=1] Waiting for the broker to be unfenced (kafka.server.BrokerServer)
[2023-08-16 13:07:21,168] INFO [BrokerLifecycleManager id=1] The broker has been unfenced. Transitioning from RECOVERY to RUNNING. (kafka.server.BrokerLifecycleManager)
[2023-08-16 13:07:21,169] INFO [BrokerServer id=1] Finished waiting for the broker to be unfenced (kafka.server.BrokerServer)
[2023-08-16 13:07:21,170] INFO [SocketServer listenerType=BROKER, nodeId=1] Enabling request processing. (kafka.network.SocketServer)
[2023-08-16 13:07:21,171] INFO Awaiting socket connections on 0.0.0.0:9092. (kafka.network.DataPlaneAcceptor)
[2023-08-16 13:07:21,174] INFO [BrokerServer id=1] Waiting for all of the authorizer futures to be completed (kafka.server.BrokerServer)
[2023-08-16 13:07:21,175] INFO [BrokerServer id=1] Finished waiting for all of the authorizer futures to be completed (kafka.server.BrokerServer)
[2023-08-16 13:07:21,176] INFO [BrokerServer id=1] Waiting for all of the SocketServer Acceptors to be started (kafka.server.BrokerServer)
[2023-08-16 13:07:21,177] INFO [BrokerServer id=1] Finished waiting for all of the SocketServer Acceptors to be started (kafka.server.BrokerServer)
[2023-08-16 13:07:21,177] INFO [BrokerServer id=1] Transition from STARTING to STARTED (kafka.server.BrokerServer)
[2023-08-16 13:07:21,182] INFO Kafka version: 3.5.0 (org.apache.kafka.common.utils.AppInfoParser)
[2023-08-16 13:07:21,183] INFO Kafka commitId: c97b88d5db4de28d (org.apache.kafka.common.utils.AppInfoParser)
[2023-08-16 13:07:21,184] INFO Kafka startTimeMs: 1692187641178 (org.apache.kafka.common.utils.AppInfoParser)
[2023-08-16 13:07:21,187] INFO [KafkaRaftServer nodeId=1] Kafka Server started (kafka.server.KafkaRaftServer)
[2023-08-16 13:07:47,149] INFO [ReplicaFetcherManager on broker 1] Removed fetcher for partitions Set(quickstartmore-events-0) (kafka.server.ReplicaFetcherManager)
[2023-08-16 13:07:47,309] INFO [LogLoader partition=quickstartmore-events-0, dir=/mnt/c/Users/Newfolder/BigDataTechnologies/kafka_2.13-3.5.0/kraft-combined-logs] Loading producer state till offset 0 with message format version 2 (kafka.log.UnifiedLog$)
[2023-08-16 13:07:47,315] INFO Created log for partition quickstartmore-events-0 in /mnt/c/Users/Newfolder/BigDataTechnologies/kafka_2.13-3.5.0/kraft-combined-logs/quickstartmore-events-0 with properties {} (kafka.log.LogManager)
[2023-08-16 13:07:47,322] INFO [Partition quickstartmore-events-0 broker=1] No checkpointed highwatermark is found for partition quickstartmore-events-0 (kafka.cluster.Partition)
[2023-08-16 13:07:47,330] INFO [Partition quickstartmore-events-0 broker=1] Log loaded for partition quickstartmore-events-0 with initial high watermark 0 (kafka.cluster.Partition)
[2023-08-16 13:17:47,132] INFO [BrokerToControllerChannelManager id=1 name=forwarding] Node 1 disconnected. (org.apache.kafka.clients.NetworkClient)
[2023-08-16 13:45:26,595] INFO Terminating process due to signal SIGHUP (org.apache.kafka.common.utils.LoggingSignalHandler)
[2023-08-16 13:45:26,595] INFO Terminating process due to signal SIGHUP (org.apache.kafka.common.utils.LoggingSignalHandler)
[2023-08-16 13:45:26,623] INFO [BrokerServer id=1] Transition from STARTED to SHUTTING_DOWN (kafka.server.BrokerServer)
[2023-08-16 13:45:26,628] INFO [BrokerServer id=1] shutting down (kafka.server.BrokerServer)
[2023-08-16 13:45:26,647] INFO [BrokerLifecycleManager id=1] Beginning controlled shutdown. (kafka.server.BrokerLifecycleManager)
[2023-08-16 13:45:26,723] INFO [BrokerLifecycleManager id=1] The broker is in PENDING_CONTROLLED_SHUTDOWN state, still waiting for the active controller. (kafka.server.BrokerLifecycleManager)
[2023-08-16 13:45:26,757] INFO [ReplicaFetcherManager on broker 1] Removed fetcher for partitions Set(quickstartmore-events-0) (kafka.server.ReplicaFetcherManager)
[2023-08-16 13:45:26,758] INFO [ReplicaAlterLogDirsManager on broker 1] Removed fetcher for partitions Set(quickstartmore-events-0) (kafka.server.ReplicaAlterLogDirsManager)
[2023-08-16 13:45:26,798] INFO [BrokerLifecycleManager id=1] The controller has asked us to exit controlled shutdown. (kafka.server.BrokerLifecycleManager)
[2023-08-16 13:45:26,799] INFO [BrokerLifecycleManager id=1] beginShutdown: shutting down event queue. (org.apache.kafka.queue.KafkaEventQueue)
[2023-08-16 13:45:26,799] INFO [ReplicaFetcherManager on broker 1] Removed fetcher for partitions Set(quickstartmore-events-0) (kafka.server.ReplicaFetcherManager)
[2023-08-16 13:45:26,801] INFO [BrokerLifecycleManager id=1] Transitioning from PENDING_CONTROLLED_SHUTDOWN to SHUTTING_DOWN. (kafka.server.BrokerLifecycleManager)
[2023-08-16 13:45:26,801] INFO [ReplicaAlterLogDirsManager on broker 1] Removed fetcher for partitions Set(quickstartmore-events-0) (kafka.server.ReplicaAlterLogDirsManager)
[2023-08-16 13:45:26,802] INFO [broker-1-to-controller-heartbeat-channel-manager]: Shutting down (kafka.server.BrokerToControllerRequestThread)
[2023-08-16 13:45:26,805] INFO [broker-1-to-controller-heartbeat-channel-manager]: Stopped (kafka.server.BrokerToControllerRequestThread)
[2023-08-16 13:45:26,805] INFO [broker-1-to-controller-heartbeat-channel-manager]: Shutdown completed (kafka.server.BrokerToControllerRequestThread)
[2023-08-16 13:45:26,814] INFO [SocketServer listenerType=BROKER, nodeId=1] Stopping socket server request processors (kafka.network.SocketServer)
[2023-08-16 13:45:26,836] INFO Broker to controller channel manager for heartbeat shutdown (kafka.server.BrokerToControllerChannelManagerImpl)
[2023-08-16 13:45:26,850] INFO [SocketServer listenerType=BROKER, nodeId=1] Stopped socket server request processors (kafka.network.SocketServer)
[2023-08-16 13:45:26,856] INFO [data-plane Kafka Request Handler on Broker 1], shutting down (kafka.server.KafkaRequestHandlerPool)
[2023-08-16 13:45:26,865] INFO [data-plane Kafka Request Handler on Broker 1], shut down completely (kafka.server.KafkaRequestHandlerPool)
[2023-08-16 13:45:26,869] INFO [ExpirationReaper-1-AlterAcls]: Shutting down (kafka.server.DelayedOperationPurgatory$ExpiredOperationReaper)
[2023-08-16 13:45:26,879] INFO [ExpirationReaper-1-AlterAcls]: Stopped (kafka.server.DelayedOperationPurgatory$ExpiredOperationReaper)
[2023-08-16 13:45:26,879] INFO [ExpirationReaper-1-AlterAcls]: Shutdown completed (kafka.server.DelayedOperationPurgatory$ExpiredOperationReaper)
[2023-08-16 13:45:26,884] INFO [KafkaApi-1] Shutdown complete. (kafka.server.KafkaApis)
[2023-08-16 13:45:26,914] INFO [TransactionCoordinator id=1] Shutting down. (kafka.coordinator.transaction.TransactionCoordinator)
[2023-08-16 13:45:26,918] INFO [Transaction State Manager 1]: Shutdown complete (kafka.coordinator.transaction.TransactionStateManager)
[2023-08-16 13:45:26,920] INFO [TxnMarkerSenderThread-1]: Shutting down (kafka.coordinator.transaction.TransactionMarkerChannelManager)
[2023-08-16 13:45:26,924] INFO [TxnMarkerSenderThread-1]: Stopped (kafka.coordinator.transaction.TransactionMarkerChannelManager)
[2023-08-16 13:45:26,924] INFO [TxnMarkerSenderThread-1]: Shutdown completed (kafka.coordinator.transaction.TransactionMarkerChannelManager)
[2023-08-16 13:45:26,932] INFO [TransactionCoordinator id=1] Shutdown complete. (kafka.coordinator.transaction.TransactionCoordinator)
[2023-08-16 13:45:26,936] INFO [GroupCoordinator 1]: Shutting down. (kafka.coordinator.group.GroupCoordinator)
[2023-08-16 13:45:26,940] INFO [ExpirationReaper-1-Heartbeat]: Shutting down (kafka.server.DelayedOperationPurgatory$ExpiredOperationReaper)
[2023-08-16 13:45:26,944] INFO [ExpirationReaper-1-Heartbeat]: Stopped (kafka.server.DelayedOperationPurgatory$ExpiredOperationReaper)
[2023-08-16 13:45:26,944] INFO [ExpirationReaper-1-Heartbeat]: Shutdown completed (kafka.server.DelayedOperationPurgatory$ExpiredOperationReaper)
[2023-08-16 13:45:26,947] INFO [ExpirationReaper-1-Rebalance]: Shutting down (kafka.server.DelayedOperationPurgatory$ExpiredOperationReaper)
[2023-08-16 13:45:26,950] INFO [ExpirationReaper-1-Rebalance]: Stopped (kafka.server.DelayedOperationPurgatory$ExpiredOperationReaper)
[2023-08-16 13:45:26,950] INFO [ExpirationReaper-1-Rebalance]: Shutdown completed (kafka.server.DelayedOperationPurgatory$ExpiredOperationReaper)
[2023-08-16 13:45:26,954] INFO [GroupCoordinator 1]: Shutdown complete. (kafka.coordinator.group.GroupCoordinator)
[2023-08-16 13:45:26,957] INFO [ReplicaManager broker=1] Shutting down (kafka.server.ReplicaManager)
[2023-08-16 13:45:26,959] INFO [LogDirFailureHandler]: Shutting down (kafka.server.ReplicaManager$LogDirFailureHandler)
[2023-08-16 13:45:26,963] INFO [LogDirFailureHandler]: Stopped (kafka.server.ReplicaManager$LogDirFailureHandler)
[2023-08-16 13:45:26,963] INFO [LogDirFailureHandler]: Shutdown completed (kafka.server.ReplicaManager$LogDirFailureHandler)
[2023-08-16 13:45:26,967] INFO [ReplicaFetcherManager on broker 1] shutting down (kafka.server.ReplicaFetcherManager)
[2023-08-16 13:45:26,972] INFO [ReplicaFetcherManager on broker 1] shutdown completed (kafka.server.ReplicaFetcherManager)
[2023-08-16 13:45:26,974] INFO [ReplicaAlterLogDirsManager on broker 1] shutting down (kafka.server.ReplicaAlterLogDirsManager)
[2023-08-16 13:45:26,976] INFO [ReplicaAlterLogDirsManager on broker 1] shutdown completed (kafka.server.ReplicaAlterLogDirsManager)
[2023-08-16 13:45:26,978] INFO [ExpirationReaper-1-Fetch]: Shutting down (kafka.server.DelayedOperationPurgatory$ExpiredOperationReaper)
[2023-08-16 13:45:26,980] INFO [ExpirationReaper-1-Fetch]: Stopped (kafka.server.DelayedOperationPurgatory$ExpiredOperationReaper)
[2023-08-16 13:45:26,980] INFO [ExpirationReaper-1-Fetch]: Shutdown completed (kafka.server.DelayedOperationPurgatory$ExpiredOperationReaper)
[2023-08-16 13:45:26,986] INFO [ExpirationReaper-1-Produce]: Shutting down (kafka.server.DelayedOperationPurgatory$ExpiredOperationReaper)
[2023-08-16 13:45:26,989] INFO [ExpirationReaper-1-Produce]: Stopped (kafka.server.DelayedOperationPurgatory$ExpiredOperationReaper)
[2023-08-16 13:45:26,989] INFO [ExpirationReaper-1-Produce]: Shutdown completed (kafka.server.DelayedOperationPurgatory$ExpiredOperationReaper)
[2023-08-16 13:45:26,992] INFO [ExpirationReaper-1-DeleteRecords]: Shutting down (kafka.server.DelayedOperationPurgatory$ExpiredOperationReaper)
[2023-08-16 13:45:26,996] INFO [ExpirationReaper-1-DeleteRecords]: Stopped (kafka.server.DelayedOperationPurgatory$ExpiredOperationReaper)
[2023-08-16 13:45:26,996] INFO [ExpirationReaper-1-DeleteRecords]: Shutdown completed (kafka.server.DelayedOperationPurgatory$ExpiredOperationReaper)
[2023-08-16 13:45:26,998] INFO [ExpirationReaper-1-ElectLeader]: Shutting down (kafka.server.DelayedOperationPurgatory$ExpiredOperationReaper)
[2023-08-16 13:45:27,000] INFO [ExpirationReaper-1-ElectLeader]: Stopped (kafka.server.DelayedOperationPurgatory$ExpiredOperationReaper)
[2023-08-16 13:45:27,001] INFO [ExpirationReaper-1-ElectLeader]: Shutdown completed (kafka.server.DelayedOperationPurgatory$ExpiredOperationReaper)
[2023-08-16 13:45:27,022] INFO [ReplicaManager broker=1] Shut down completely (kafka.server.ReplicaManager)
[2023-08-16 13:45:27,024] INFO [broker-1-to-controller-alter-partition-channel-manager]: Shutting down (kafka.server.BrokerToControllerRequestThread)
[2023-08-16 13:45:27,026] INFO [broker-1-to-controller-alter-partition-channel-manager]: Stopped (kafka.server.BrokerToControllerRequestThread)
[2023-08-16 13:45:27,026] INFO [broker-1-to-controller-alter-partition-channel-manager]: Shutdown completed (kafka.server.BrokerToControllerRequestThread)
[2023-08-16 13:45:27,028] INFO Broker to controller channel manager for alter-partition shutdown (kafka.server.BrokerToControllerChannelManagerImpl)
[2023-08-16 13:45:27,029] INFO [broker-1-to-controller-forwarding-channel-manager]: Shutting down (kafka.server.BrokerToControllerRequestThread)
[2023-08-16 13:45:27,030] INFO [broker-1-to-controller-forwarding-channel-manager]: Stopped (kafka.server.BrokerToControllerRequestThread)
[2023-08-16 13:45:27,030] INFO [broker-1-to-controller-forwarding-channel-manager]: Shutdown completed (kafka.server.BrokerToControllerRequestThread)
[2023-08-16 13:45:27,033] INFO Broker to controller channel manager for forwarding shutdown (kafka.server.BrokerToControllerChannelManagerImpl)
[2023-08-16 13:45:27,034] INFO Shutting down. (kafka.log.LogManager)
[2023-08-16 13:45:27,039] INFO [kafka-log-cleaner-thread-0]: Shutting down (kafka.log.LogCleaner$CleanerThread)
[2023-08-16 13:45:27,040] INFO [kafka-log-cleaner-thread-0]: Shutdown completed (kafka.log.LogCleaner$CleanerThread)
[2023-08-16 13:45:27,040] INFO [kafka-log-cleaner-thread-0]: Stopped (kafka.log.LogCleaner$CleanerThread)
[2023-08-16 13:45:27,182] INFO Shutdown complete. (kafka.log.LogManager)
[2023-08-16 13:45:27,185] INFO [broker-1-ThrottledChannelReaper-Fetch]: Shutting down (kafka.server.ClientQuotaManager$ThrottledChannelReaper)
[2023-08-16 13:45:27,193] INFO [broker-1-ThrottledChannelReaper-Fetch]: Stopped (kafka.server.ClientQuotaManager$ThrottledChannelReaper)
[2023-08-16 13:45:27,193] INFO [broker-1-ThrottledChannelReaper-Fetch]: Shutdown completed (kafka.server.ClientQuotaManager$ThrottledChannelReaper)
[2023-08-16 13:45:27,195] INFO [broker-1-ThrottledChannelReaper-Produce]: Shutting down (kafka.server.ClientQuotaManager$ThrottledChannelReaper)
[2023-08-16 13:45:27,196] INFO [broker-1-ThrottledChannelReaper-Produce]: Stopped (kafka.server.ClientQuotaManager$ThrottledChannelReaper)
[2023-08-16 13:45:27,196] INFO [broker-1-ThrottledChannelReaper-Produce]: Shutdown completed (kafka.server.ClientQuotaManager$ThrottledChannelReaper)
[2023-08-16 13:45:27,199] INFO [broker-1-ThrottledChannelReaper-Request]: Shutting down (kafka.server.ClientQuotaManager$ThrottledChannelReaper)
[2023-08-16 13:45:27,200] INFO [broker-1-ThrottledChannelReaper-Request]: Stopped (kafka.server.ClientQuotaManager$ThrottledChannelReaper)
[2023-08-16 13:45:27,200] INFO [broker-1-ThrottledChannelReaper-Request]: Shutdown completed (kafka.server.ClientQuotaManager$ThrottledChannelReaper)
[2023-08-16 13:45:27,202] INFO [broker-1-ThrottledChannelReaper-ControllerMutation]: Shutting down (kafka.server.ClientQuotaManager$ThrottledChannelReaper)
[2023-08-16 13:45:27,203] INFO [broker-1-ThrottledChannelReaper-ControllerMutation]: Stopped (kafka.server.ClientQuotaManager$ThrottledChannelReaper)
[2023-08-16 13:45:27,203] INFO [broker-1-ThrottledChannelReaper-ControllerMutation]: Shutdown completed (kafka.server.ClientQuotaManager$ThrottledChannelReaper)
[2023-08-16 13:45:27,207] INFO [SocketServer listenerType=BROKER, nodeId=1] Shutting down socket server (kafka.network.SocketServer)
[2023-08-16 13:45:27,231] INFO [SocketServer listenerType=BROKER, nodeId=1] Shutdown completed (kafka.network.SocketServer)
[2023-08-16 13:45:27,235] INFO Broker and topic stats closed (kafka.server.BrokerTopicStats)
[2023-08-16 13:45:27,236] INFO [BrokerLifecycleManager id=1] closed event queue. (org.apache.kafka.queue.KafkaEventQueue)
[2023-08-16 13:45:27,239] INFO [BrokerServer id=1] shut down completed (kafka.server.BrokerServer)
[2023-08-16 13:45:27,240] INFO [BrokerServer id=1] Transition from SHUTTING_DOWN to SHUTDOWN (kafka.server.BrokerServer)
[2023-08-16 13:45:27,242] INFO [ControllerServer id=1] shutting down (kafka.server.ControllerServer)
[2023-08-16 13:45:27,245] INFO [raft-expiration-reaper]: Shutting down (kafka.raft.TimingWheelExpirationService$ExpiredOperationReaper)
[2023-08-16 13:45:27,400] INFO [raft-expiration-reaper]: Shutdown completed (kafka.raft.TimingWheelExpirationService$ExpiredOperationReaper)
[2023-08-16 13:45:27,400] INFO [raft-expiration-reaper]: Stopped (kafka.raft.TimingWheelExpirationService$ExpiredOperationReaper)
[2023-08-16 13:45:27,402] INFO [kafka-1-raft-io-thread]: Shutting down (kafka.raft.KafkaRaftManager$RaftIoThread)
[2023-08-16 13:45:27,403] INFO [RaftManager id=1] Beginning graceful shutdown (org.apache.kafka.raft.KafkaRaftClient)
[2023-08-16 13:45:27,407] INFO [RaftManager id=1] Graceful shutdown completed (org.apache.kafka.raft.KafkaRaftClient)
[2023-08-16 13:45:27,409] INFO [kafka-1-raft-io-thread]: Completed graceful shutdown of RaftClient (kafka.raft.KafkaRaftManager$RaftIoThread)
[2023-08-16 13:45:27,410] INFO [kafka-1-raft-io-thread]: Stopped (kafka.raft.KafkaRaftManager$RaftIoThread)
[2023-08-16 13:45:27,410] INFO [kafka-1-raft-io-thread]: Shutdown completed (kafka.raft.KafkaRaftManager$RaftIoThread)
[2023-08-16 13:45:27,419] INFO [kafka-1-raft-outbound-request-thread]: Shutting down (kafka.raft.RaftSendThread)
[2023-08-16 13:45:27,421] INFO [kafka-1-raft-outbound-request-thread]: Shutdown completed (kafka.raft.RaftSendThread)
[2023-08-16 13:45:27,421] INFO [kafka-1-raft-outbound-request-thread]: Stopped (kafka.raft.RaftSendThread)
[2023-08-16 13:45:27,433] INFO [ProducerStateManager partition=__cluster_metadata-0]Wrote producer snapshot at offset 28521 with 0 producer ids in 9 ms. (org.apache.kafka.storage.internals.log.ProducerStateManager)
[2023-08-16 13:45:27,479] INFO [SocketServer listenerType=CONTROLLER, nodeId=1] Stopping socket server request processors (kafka.network.SocketServer)
[2023-08-16 13:45:27,486] INFO [SocketServer listenerType=CONTROLLER, nodeId=1] Stopped socket server request processors (kafka.network.SocketServer)
[2023-08-16 13:45:27,490] INFO [QuorumController id=1] QuorumController#beginShutdown: shutting down event queue. (org.apache.kafka.queue.KafkaEventQueue)
[2023-08-16 13:45:27,491] INFO [SocketServer listenerType=CONTROLLER, nodeId=1] Shutting down socket server (kafka.network.SocketServer)
[2023-08-16 13:45:27,507] INFO [SocketServer listenerType=CONTROLLER, nodeId=1] Shutdown completed (kafka.network.SocketServer)
[2023-08-16 13:45:27,509] INFO [data-plane Kafka Request Handler on Broker 1], shutting down (kafka.server.KafkaRequestHandlerPool)
[2023-08-16 13:45:27,511] INFO [data-plane Kafka Request Handler on Broker 1], shut down completely (kafka.server.KafkaRequestHandlerPool)
[2023-08-16 13:45:27,512] INFO [ExpirationReaper-1-AlterAcls]: Shutting down (kafka.server.DelayedOperationPurgatory$ExpiredOperationReaper)
[2023-08-16 13:45:27,515] INFO [ExpirationReaper-1-AlterAcls]: Stopped (kafka.server.DelayedOperationPurgatory$ExpiredOperationReaper)
[2023-08-16 13:45:27,515] INFO [ExpirationReaper-1-AlterAcls]: Shutdown completed (kafka.server.DelayedOperationPurgatory$ExpiredOperationReaper)
[2023-08-16 13:45:27,518] INFO [controller-1-ThrottledChannelReaper-Fetch]: Shutting down (kafka.server.ClientQuotaManager$ThrottledChannelReaper)
[2023-08-16 13:45:27,519] INFO [controller-1-ThrottledChannelReaper-Fetch]: Stopped (kafka.server.ClientQuotaManager$ThrottledChannelReaper)
[2023-08-16 13:45:27,519] INFO [controller-1-ThrottledChannelReaper-Fetch]: Shutdown completed (kafka.server.ClientQuotaManager$ThrottledChannelReaper)
[2023-08-16 13:45:27,520] INFO [controller-1-ThrottledChannelReaper-Produce]: Shutting down (kafka.server.ClientQuotaManager$ThrottledChannelReaper)
[2023-08-16 13:45:27,521] INFO [controller-1-ThrottledChannelReaper-Produce]: Stopped (kafka.server.ClientQuotaManager$ThrottledChannelReaper)
[2023-08-16 13:45:27,521] INFO [controller-1-ThrottledChannelReaper-Produce]: Shutdown completed (kafka.server.ClientQuotaManager$ThrottledChannelReaper)
[2023-08-16 13:45:27,523] INFO [controller-1-ThrottledChannelReaper-Request]: Shutting down (kafka.server.ClientQuotaManager$ThrottledChannelReaper)
[2023-08-16 13:45:27,524] INFO [controller-1-ThrottledChannelReaper-Request]: Stopped (kafka.server.ClientQuotaManager$ThrottledChannelReaper)
[2023-08-16 13:45:27,524] INFO [controller-1-ThrottledChannelReaper-Request]: Shutdown completed (kafka.server.ClientQuotaManager$ThrottledChannelReaper)
[2023-08-16 13:45:27,526] INFO [controller-1-ThrottledChannelReaper-ControllerMutation]: Shutting down (kafka.server.ClientQuotaManager$ThrottledChannelReaper)
[2023-08-16 13:45:27,527] INFO [controller-1-ThrottledChannelReaper-ControllerMutation]: Stopped (kafka.server.ClientQuotaManager$ThrottledChannelReaper)
[2023-08-16 13:45:27,527] INFO [controller-1-ThrottledChannelReaper-ControllerMutation]: Shutdown completed (kafka.server.ClientQuotaManager$ThrottledChannelReaper)
[2023-08-16 13:45:27,528] INFO [QuorumController id=1] closed event queue. (org.apache.kafka.queue.KafkaEventQueue)
[2023-08-16 13:45:27,532] INFO [SharedServer id=1] Stopping SharedServer (kafka.server.SharedServer)
[2023-08-16 13:45:27,533] INFO [MetadataLoader id=1] beginShutdown: shutting down event queue. (org.apache.kafka.queue.KafkaEventQueue)
[2023-08-16 13:45:27,533] INFO [SnapshotGenerator id=1] close: shutting down event queue. (org.apache.kafka.queue.KafkaEventQueue)
[2023-08-16 13:45:27,536] INFO [SnapshotGenerator id=1] closed event queue. (org.apache.kafka.queue.KafkaEventQueue)
[2023-08-16 13:45:27,537] INFO [MetadataLoader id=1] closed event queue. (org.apache.kafka.queue.KafkaEventQueue)
[2023-08-16 13:45:27,538] INFO [SnapshotGenerator id=1] closed event queue. (org.apache.kafka.queue.KafkaEventQueue)
[2023-08-16 13:45:27,540] INFO Metrics scheduler closed (org.apache.kafka.common.metrics.Metrics)
[2023-08-16 13:45:27,542] INFO Closing reporter org.apache.kafka.common.metrics.JmxReporter (org.apache.kafka.common.metrics.Metrics)
[2023-08-16 13:45:27,542] INFO Metrics reporters closed (org.apache.kafka.common.metrics.Metrics)
[2023-08-16 13:45:27,544] INFO App info kafka.server for 1 unregistered (org.apache.kafka.common.utils.AppInfoParser)
[2023-08-16 13:45:27,545] INFO App info kafka.server for 1 unregistered (org.apache.kafka.common.utils.AppInfoParser)
